# JRE version: Java(TM) SE Runtime Environment (7.0_40-b43) (build 1.7.0_40-b43)
# Java VM: Java HotSpot(TM) 64-Bit Server VM (24.0-b56 mixed mode bsd-amd64 compressed oops)
Heap
 PSYoungGen      total 33792K, used 6227K [0x00000007d5500000, 0x00000007d7f80000, 0x0000000800000000)
  eden space 33280K, 17% used [0x00000007d5500000,0x00000007d5aa3360,0x00000007d7580000)
  from space 512K, 88% used [0x00000007d7f00000,0x00000007d7f71b10,0x00000007d7f80000)
  to   space 2048K, 0% used [0x00000007d7b80000,0x00000007d7b80000,0x00000007d7d80000)
 ParOldGen       total 87040K, used 15627K [0x0000000780000000, 0x0000000785500000, 0x00000007d5500000)
  object space 87040K, 17% used [0x0000000780000000,0x0000000780f42f50,0x0000000785500000)
 PSPermGen       total 21504K, used 14739K [0x000000077ae00000, 0x000000077c300000, 0x0000000780000000)
  object space 21504K, 68% used [0x000000077ae00000,0x000000077bc64fe8,0x000000077c300000)
GC Heap History (10 events):
Event: 57.755 GC heap before
{Heap before GC invocations=118 (full 0):
 PSYoungGen      total 35840K, used 35516K [0x00000007d5500000, 0x00000007d7980000, 0x0000000800000000)
  eden space 34304K, 99% used [0x00000007d5500000,0x00000007d765c9b8,0x00000007d7680000)
  from space 1536K, 88% used [0x00000007d7700000,0x00000007d78529e0,0x00000007d7880000)
  to   space 1024K, 0% used [0x00000007d7880000,0x00000007d7880000,0x00000007d7980000)
 ParOldGen       total 87040K, used 14252K [0x0000000780000000, 0x0000000785500000, 0x00000007d5500000)
  object space 87040K, 16% used [0x0000000780000000,0x0000000780deb0a8,0x0000000785500000)
 PSPermGen       total 21504K, used 14713K [0x000000077ae00000, 0x000000077c300000, 0x0000000780000000)
  object space 21504K, 68% used [0x000000077ae00000,0x000000077bc5e4e0,0x000000077c300000)
Event: 57.756 GC heap after
Heap after GC invocations=118 (full 0):
 PSYoungGen      total 35840K, used 990K [0x00000007d5500000, 0x00000007d8080000, 0x0000000800000000)
  eden space 34816K, 0% used [0x00000007d5500000,0x00000007d5500000,0x00000007d7700000)
  from space 1024K, 96% used [0x00000007d7880000,0x00000007d79778f0,0x00000007d7980000)
  to   space 1536K, 0% used [0x00000007d7700000,0x00000007d7700000,0x00000007d7880000)
 ParOldGen       total 87040K, used 14559K [0x0000000780000000, 0x0000000785500000, 0x00000007d5500000)
  object space 87040K, 16% used [0x0000000780000000,0x0000000780e37ee8,0x0000000785500000)
 PSPermGen       total 21504K, used 14713K [0x000000077ae00000, 0x000000077c300000, 0x0000000780000000)
  object space 21504K, 68% used [0x000000077ae00000,0x000000077bc5e4e0,0x000000077c300000)
}
Event: 58.019 GC heap before
{Heap before GC invocations=119 (full 0):
 PSYoungGen      total 35840K, used 35806K [0x00000007d5500000, 0x00000007d8080000, 0x0000000800000000)
  eden space 34816K, 100% used [0x00000007d5500000,0x00000007d7700000,0x00000007d7700000)
  from space 1024K, 96% used [0x00000007d7880000,0x00000007d79778f0,0x00000007d7980000)
  to   space 1536K, 0% used [0x00000007d7700000,0x00000007d7700000,0x00000007d7880000)
 ParOldGen       total 87040K, used 14559K [0x0000000780000000, 0x0000000785500000, 0x00000007d5500000)
  object space 87040K, 16% used [0x0000000780000000,0x0000000780e37ee8,0x0000000785500000)
 PSPermGen       total 21504K, used 14713K [0x000000077ae00000, 0x000000077c300000, 0x0000000780000000)
  object space 21504K, 68% used [0x000000077ae00000,0x000000077bc5e588,0x000000077c300000)
Event: 58.020 GC heap after
Heap after GC invocations=119 (full 0):
 PSYoungGen      total 35328K, used 893K [0x00000007d5500000, 0x00000007d7980000, 0x0000000800000000)
  eden space 34304K, 0% used [0x00000007d5500000,0x00000007d5500000,0x00000007d7680000)
  from space 1024K, 87% used [0x00000007d7700000,0x00000007d77df760,0x00000007d7800000)
  to   space 1536K, 0% used [0x00000007d7800000,0x00000007d7800000,0x00000007d7980000)
 ParOldGen       total 87040K, used 14748K [0x0000000780000000, 0x0000000785500000, 0x00000007d5500000)
  object space 87040K, 16% used [0x0000000780000000,0x0000000780e671f0,0x0000000785500000)
 PSPermGen       total 21504K, used 14713K [0x000000077ae00000, 0x000000077c300000, 0x0000000780000000)
  object space 21504K, 68% used [0x000000077ae00000,0x000000077bc5e588,0x000000077c300000)
}
Event: 58.283 GC heap before
{Heap before GC invocations=120 (full 0):
 PSYoungGen      total 35328K, used 35100K [0x00000007d5500000, 0x00000007d7980000, 0x0000000800000000)
  eden space 34304K, 99% used [0x00000007d5500000,0x00000007d7667b90,0x00000007d7680000)
  from space 1024K, 87% used [0x00000007d7700000,0x00000007d77df760,0x00000007d7800000)
  to   space 1536K, 0% used [0x00000007d7800000,0x00000007d7800000,0x00000007d7980000)
 ParOldGen       total 87040K, used 14748K [0x0000000780000000, 0x0000000785500000, 0x00000007d5500000)
  object space 87040K, 16% used [0x0000000780000000,0x0000000780e671f0,0x0000000785500000)
 PSPermGen       total 21504K, used 14713K [0x000000077ae00000, 0x000000077c300000, 0x0000000780000000)
  object space 21504K, 68% used [0x000000077ae00000,0x000000077bc5e588,0x000000077c300000)
Event: 58.284 GC heap after
Heap after GC invocations=120 (full 0):
 PSYoungGen      total 35328K, used 1517K [0x00000007d5500000, 0x00000007d7a00000, 0x0000000800000000)
  eden space 33792K, 0% used [0x00000007d5500000,0x00000007d5500000,0x00000007d7600000)
  from space 1536K, 98% used [0x00000007d7800000,0x00000007d797b658,0x00000007d7980000)
  to   space 2048K, 0% used [0x00000007d7600000,0x00000007d7600000,0x00000007d7800000)
 ParOldGen       total 87040K, used 14772K [0x0000000780000000, 0x0000000785500000, 0x00000007d5500000)
  object space 87040K, 16% used [0x0000000780000000,0x0000000780e6d1f0,0x0000000785500000)
 PSPermGen       total 21504K, used 14713K [0x000000077ae00000, 0x000000077c300000, 0x0000000780000000)
  object space 21504K, 68% used [0x000000077ae00000,0x000000077bc5e588,0x000000077c300000)
}
Event: 58.327 GC heap before
{Heap before GC invocations=121 (full 0):
 PSYoungGen      total 35328K, used 35298K [0x00000007d5500000, 0x00000007d7a00000, 0x0000000800000000)
  eden space 33792K, 99% used [0x00000007d5500000,0x00000007d75fd2e0,0x00000007d7600000)
  from space 1536K, 98% used [0x00000007d7800000,0x00000007d797b658,0x00000007d7980000)
  to   space 2048K, 0% used [0x00000007d7600000,0x00000007d7600000,0x00000007d7800000)
 ParOldGen       total 87040K, used 14772K [0x0000000780000000, 0x0000000785500000, 0x00000007d5500000)
  object space 87040K, 16% used [0x0000000780000000,0x0000000780e6d1f0,0x0000000785500000)
 PSPermGen       total 21504K, used 14713K [0x000000077ae00000, 0x000000077c300000, 0x0000000780000000)
  object space 21504K, 68% used [0x000000077ae00000,0x000000077bc5e6b0,0x000000077c300000)
Event: 58.328 GC heap after
Heap after GC invocations=121 (full 0):
 PSYoungGen      total 35840K, used 1062K [0x00000007d5500000, 0x00000007d8100000, 0x0000000800000000)
  eden space 33792K, 0% used [0x00000007d5500000,0x00000007d5500000,0x00000007d7600000)
  from space 2048K, 51% used [0x00000007d7600000,0x00000007d7709b78,0x00000007d7800000)
  to   space 2048K, 0% used [0x00000007d7f00000,0x00000007d7f00000,0x00000007d8100000)
 ParOldGen       total 87040K, used 15084K [0x0000000780000000, 0x0000000785500000, 0x00000007d5500000)
  object space 87040K, 17% used [0x0000000780000000,0x0000000780ebb0e0,0x0000000785500000)
 PSPermGen       total 21504K, used 14713K [0x000000077ae00000, 0x000000077c300000, 0x0000000780000000)
  object space 21504K, 68% used [0x000000077ae00000,0x000000077bc5e6b0,0x000000077c300000)
}
Event: 59.291 GC heap before
{Heap before GC invocations=122 (full 0):
 PSYoungGen      total 35840K, used 34854K [0x00000007d5500000, 0x00000007d8100000, 0x0000000800000000)
  eden space 33792K, 100% used [0x00000007d5500000,0x00000007d7600000,0x00000007d7600000)
  from space 2048K, 51% used [0x00000007d7600000,0x00000007d7709b78,0x00000007d7800000)
  to   space 2048K, 0% used [0x00000007d7f00000,0x00000007d7f00000,0x00000007d8100000)
 ParOldGen       total 87040K, used 15084K [0x0000000780000000, 0x0000000785500000, 0x00000007d5500000)
  object space 87040K, 17% used [0x0000000780000000,0x0000000780ebb0e0,0x0000000785500000)
 PSPermGen       total 21504K, used 14713K [0x000000077ae00000, 0x000000077c300000, 0x0000000780000000)
  object space 21504K, 68% used [0x000000077ae00000,0x000000077bc5e6b0,0x000000077c300000)
Event: 59.292 GC heap after
Heap after GC invocations=122 (full 0):
 PSYoungGen      total 33792K, used 454K [0x00000007d5500000, 0x00000007d7f80000, 0x0000000800000000)
  eden space 33280K, 0% used [0x00000007d5500000,0x00000007d5500000,0x00000007d7580000)
  from space 512K, 88% used [0x00000007d7f00000,0x00000007d7f71b10,0x00000007d7f80000)
  to   space 2048K, 0% used [0x00000007d7b80000,0x00000007d7b80000,0x00000007d7d80000)
 ParOldGen       total 87040K, used 15627K [0x0000000780000000, 0x0000000785500000, 0x00000007d5500000)
  object space 87040K, 17% used [0x0000000780000000,0x0000000780f42f50,0x0000000785500000)
 PSPermGen       total 21504K, used 14713K [0x000000077ae00000, 0x000000077c300000, 0x0000000780000000)
  object space 21504K, 68% used [0x000000077ae00000,0x000000077bc5e6b0,0x000000077c300000)
}

